     1                                  [org 0x0100]
     2 00000000 B80A00                  mov ax,10
     3 00000003 BB1400                  mov bx,20
     4 00000006 B91E00                  mov cx,30
     5                                  
     6 00000009 89CA                    mov dx,cx
     7 0000000B 89D9                    mov cx,bx
     8 0000000D 89C3                    mov bx,ax
     9 0000000F 89D0                    mov ax,dx
    10 00000011 89CA                    mov dx,cx
    11 00000013 89D9                    mov cx,bx
    12 00000015 89C3                    mov bx,ax
    13 00000017 89D0                    mov ax,dx
    14 00000019 89CA                    mov dx,cx
    15 0000001B 89D9                    mov cx,bx
    16 0000001D 89C3                    mov bx,ax
    17 0000001F 89D0                    mov ax,dx ; first rotation complete
    18                                  
    19 00000021 89CA                    mov dx,cx
    20 00000023 89D9                    mov cx,bx
    21 00000025 89C3                    mov bx,ax
    22 00000027 89D0                    mov ax,dx
    23 00000029 89CA                    mov dx,cx
    24 0000002B 89D9                    mov cx,bx
    25 0000002D 89C3                    mov bx,ax
    26 0000002F 89D0                    mov ax,dx
    27 00000031 89CA                    mov dx,cx
    28 00000033 89D9                    mov cx,bx
    29 00000035 89C3                    mov bx,ax
    30 00000037 89D0                    mov ax,dx ; second rotation complete
    31                                  
    32 00000039 B8004C                  mov ax,0x4c00
    33 0000003C CD21                    int 0x21
    34                                  
