     1                                  [org 0x0100]
     2                                  
     3 00000000 BE0000                        mov si,0         ; index for outre loop
     4 00000003 BF0000                  l1:   mov di,0         ; index for inner loop
     5 00000006 8B84[4200]                    mov ax,[arr1+si] ; each value of arr1
     6                                  
     7 0000000A 8B95[5600]              l2:   mov dx,[arr2+di] ; each value of arr2
     8 0000000E 39D0                          cmp ax,dx        ; compare value of arr1 and arr2
     9 00000010 7403                          je if       
    10 00000012 E90E00                        jmp skip
    11 00000015 8B1E[3C00]              if:   mov bx,[k]       ; intersection of values
    12 00000019 8997[6A00]                    mov [arr3+bx],dx
    13 0000001D 8106[3C00]0200                add word[k],2
    14 00000023 81C70200                skip: add di,2         ; update index for inner loop
    15 00000027 3B3E[4000]                    cmp di,[len2]
    16 0000002B 75DD                          jne l2
    17                                        
    18 0000002D 81C60200                      add si,2         ; update index for outer loop
    19 00000031 3B36[3E00]                    cmp si,[len1]
    20 00000035 75CC                          jne l1
    21                                  
    22 00000037 B8004C                  end:  mov ax,0x4c00
    23 0000003A CD21                          int 0x21
    24 0000003C 0000                    k:    dw 0
    25 0000003E 1400                    len1: dw 20
    26 00000040 1400                    len2: dw 20
    27 00000042 010002000300040005-     arr1: dw 1,2,3,4,5,6,7,8,9,10
    28 0000004B 000600070008000900-
    29 00000054 0A00               
    30 00000056 01002B000500210008-     arr2: dw 1,43,5,33,8,67,10,23,50,2
    31 0000005F 0043000A0017003200-
    32 00000068 0200               
    33 0000006A 000000000000000000-     arr3: dw 0,0,0,0,0,0,0,0,0,0
    34 00000073 000000000000000000-
    35 0000007C 0000               
    36                                   
